Using pre-set license
Built from '2020.3/release' branch; Version is '2020.3.15f2 (6cf78cb77498) revision 7141260'; Using compiler version '192528614'; Build Type 'Release'
OS: 'Windows 10 Pro; OS build 19042.1288; Version 2009; 64bit' Language: 'es' Physical Memory: 16293 MB
BatchMode: 1, IsHumanControllingUs: 0, StartBugReporterOnCrash: 0, Is64bit: 1, IsPro: 0

 COMMAND LINE ARGUMENTS:
C:\Program Files\Unity\Hub\Editor\2020.3.15f2\Editor\Unity.exe
-adb2
-batchMode
-noUpm
-name
AssetImportWorker0
-projectPath
D:/Unity_Proyectos/GitHub-VOCACIONAL/Juego-U
-logFile
Logs/AssetImportWorker0.log
-srvPort
60112
Successfully changed project path to: D:/Unity_Proyectos/GitHub-VOCACIONAL/Juego-U
D:/Unity_Proyectos/GitHub-VOCACIONAL/Juego-U
Using Asset Import Pipeline V2.
Refreshing native plugins compatible for Editor in 36.52 ms, found 3 plugins.
Preloading 0 native plugins for Editor in 0.00 ms.
Initialize engine version: 2020.3.15f2 (6cf78cb77498)
[Subsystems] Discovering subsystems at path C:/Program Files/Unity/Hub/Editor/2020.3.15f2/Editor/Data/Resources/UnitySubsystems
[Subsystems] Discovering subsystems at path D:/Unity_Proyectos/GitHub-VOCACIONAL/Juego-U/Assets
GfxDevice: creating device client; threaded=0
Direct3D:
    Version:  Direct3D 11.0 [level 11.1]
    Renderer: NVIDIA GeForce GTX 1660 SUPER (ID=0x21c4)
    Vendor:   
    VRAM:     5991 MB
    Driver:   30.0.14.7168
Initialize mono
Mono path[0] = 'C:/Program Files/Unity/Hub/Editor/2020.3.15f2/Editor/Data/Managed'
Mono path[1] = 'C:/Program Files/Unity/Hub/Editor/2020.3.15f2/Editor/Data/MonoBleedingEdge/lib/mono/unityjit'
Mono config path = 'C:/Program Files/Unity/Hub/Editor/2020.3.15f2/Editor/Data/MonoBleedingEdge/etc'
Using monoOptions --debugger-agent=transport=dt_socket,embedding=1,server=y,suspend=n,address=127.0.0.1:56228
Begin MonoManager ReloadAssembly
Registering precompiled unity dll's ...
Register platform support module: C:/Program Files/Unity/Hub/Editor/2020.3.15f2/Editor/Data/PlaybackEngines/WebGLSupport/UnityEditor.WebGL.Extensions.dll
Register platform support module: C:/Program Files/Unity/Hub/Editor/2020.3.15f2/Editor/Data/PlaybackEngines/WindowsStandaloneSupport/UnityEditor.WindowsStandalone.Extensions.dll
Registered in 0.002081 seconds.
Native extension for WindowsStandalone target not found
Native extension for WebGL target not found
Refreshing native plugins compatible for Editor in 36.70 ms, found 3 plugins.
Preloading 0 native plugins for Editor in 0.00 ms.
Mono: successfully reloaded assembly
- Completed reload, in  1.637 seconds
Domain Reload Profiling:
	ReloadAssembly (1637ms)
		BeginReloadAssembly (43ms)
			ExecutionOrderSort (0ms)
			DisableScriptedObjects (0ms)
			BackupInstance (0ms)
			ReleaseScriptingObjects (0ms)
			CreateAndSetChildDomain (1ms)
		EndReloadAssembly (362ms)
			LoadAssemblies (42ms)
			RebuildTransferFunctionScriptingTraits (0ms)
			SetupTypeCache (135ms)
			ReleaseScriptCaches (0ms)
			RebuildScriptCaches (25ms)
			SetupLoadedEditorAssemblies (140ms)
				LogAssemblyErrors (0ms)
				InitializePlatformSupportModulesInManaged (4ms)
				SetLoadedEditorAssemblies (0ms)
				RefreshPlugins (37ms)
				BeforeProcessingInitializeOnLoad (11ms)
				ProcessInitializeOnLoadAttributes (64ms)
				ProcessInitializeOnLoadMethodAttributes (24ms)
				AfterProcessingInitializeOnLoad (0ms)
				EditorAssembliesLoaded (0ms)
			ExecutionOrderSort2 (0ms)
			AwakeInstancesAfterBackupRestoration (0ms)
Platform modules already initialized, skipping
Registering precompiled user dll's ...
Registered in 0.002211 seconds.
Begin MonoManager ReloadAssembly
Native extension for WindowsStandalone target not found
Native extension for WebGL target not found
Refreshing native plugins compatible for Editor in 0.49 ms, found 3 plugins.
Preloading 0 native plugins for Editor in 0.00 ms.
Mono: successfully reloaded assembly
- Completed reload, in  1.387 seconds
Domain Reload Profiling:
	ReloadAssembly (1388ms)
		BeginReloadAssembly (132ms)
			ExecutionOrderSort (0ms)
			DisableScriptedObjects (4ms)
			BackupInstance (0ms)
			ReleaseScriptingObjects (0ms)
			CreateAndSetChildDomain (18ms)
		EndReloadAssembly (1191ms)
			LoadAssemblies (76ms)
			RebuildTransferFunctionScriptingTraits (0ms)
			SetupTypeCache (291ms)
			ReleaseScriptCaches (1ms)
			RebuildScriptCaches (46ms)
			SetupLoadedEditorAssemblies (666ms)
				LogAssemblyErrors (0ms)
				InitializePlatformSupportModulesInManaged (5ms)
				SetLoadedEditorAssemblies (0ms)
				RefreshPlugins (1ms)
				BeforeProcessingInitializeOnLoad (96ms)
				ProcessInitializeOnLoadAttributes (551ms)
				ProcessInitializeOnLoadMethodAttributes (4ms)
				AfterProcessingInitializeOnLoad (8ms)
				EditorAssembliesLoaded (0ms)
			ExecutionOrderSort2 (0ms)
			AwakeInstancesAfterBackupRestoration (7ms)
Platform modules already initialized, skipping
========================================================================
Worker process is ready to serve import requests
Launched and connected shader compiler UnityShaderCompiler.exe after 0.14 seconds
Refreshing native plugins compatible for Editor in 0.68 ms, found 3 plugins.
Preloading 0 native plugins for Editor in 0.00 ms.
Unloading 1810 Unused Serialized files (Serialized files now loaded: 0)
System memory in use before: 98.3 MB.
System memory in use after: 98.4 MB.

Unloading 22 unused Assets to reduce memory usage. Loaded Objects now: 2268.
Total: 2.696000 ms (FindLiveObjects: 0.260300 ms CreateObjectMapping: 0.053000 ms MarkObjects: 2.298700 ms  DeleteObjects: 0.082800 ms)

AssetImportParameters requested are different than current active one (requested -> active):
  custom:framework-win-MediaFoundation: 216162199b28c13a410421893ffa2e32 -> 
  custom:video-decoder-ogg-theora: a1e56fd34408186e4bbccfd4996cb3dc -> 
  custom:container-muxer-webm: aa71ff27fc2769a1b78a27578f13a17b -> 
  custom:container-demuxer-webm: 4f35f7cbe854078d1ac9338744f61a02 -> 
  custom:container-demuxer-ogg: 62fdf1f143b41e24485cea50d1cbac27 -> 
  custom:video-encoder-webm-vp8: eb34c28f22e8b96e1ab97ce403110664 -> 
  custom:video-decoder-webm-vp8: 9c59270c3fd7afecdb556c50c9e8de78 -> 
  custom:audio-decoder-ogg-vorbis: bf7c407c2cedff20999df2af8eb42d56 -> 
  custom:audio-encoder-webm-vorbis: bf7c407c2cedff20999df2af8eb42d56 -> 
========================================================================
Received Import Request.
  path: Assets/Escenarios/MapaPrincipal.unity
  artifactKey: Guid(6e96dddd7d977d2419ff7065583ae671) Importer(815301076,1909f56bfc062723c751e8b465ee728b)
Start importing Assets/Escenarios/MapaPrincipal.unity using Guid(6e96dddd7d977d2419ff7065583ae671) Importer(815301076,1909f56bfc062723c751e8b465ee728b)  -> (artifact id: '2e805b840b75c5e7b529e960979c46b2') in 2.602826 seconds 
  Import took 2.666586 seconds .

========================================================================
Received Prepare
Registering precompiled user dll's ...
Registered in 0.002202 seconds.
Begin MonoManager ReloadAssembly
Native extension for WindowsStandalone target not found
Native extension for WebGL target not found
Refreshing native plugins compatible for Editor in 0.44 ms, found 3 plugins.
Preloading 0 native plugins for Editor in 0.00 ms.
Mono: successfully reloaded assembly
- Completed reload, in  0.860 seconds
Domain Reload Profiling:
	ReloadAssembly (860ms)
		BeginReloadAssembly (101ms)
			ExecutionOrderSort (0ms)
			DisableScriptedObjects (4ms)
			BackupInstance (0ms)
			ReleaseScriptingObjects (0ms)
			CreateAndSetChildDomain (27ms)
		EndReloadAssembly (707ms)
			LoadAssemblies (65ms)
			RebuildTransferFunctionScriptingTraits (0ms)
			SetupTypeCache (219ms)
			ReleaseScriptCaches (1ms)
			RebuildScriptCaches (36ms)
			SetupLoadedEditorAssemblies (303ms)
				LogAssemblyErrors (0ms)
				InitializePlatformSupportModulesInManaged (5ms)
				SetLoadedEditorAssemblies (0ms)
				RefreshPlugins (0ms)
				BeforeProcessingInitializeOnLoad (68ms)
				ProcessInitializeOnLoadAttributes (221ms)
				ProcessInitializeOnLoadMethodAttributes (3ms)
				AfterProcessingInitializeOnLoad (5ms)
				EditorAssembliesLoaded (0ms)
			ExecutionOrderSort2 (0ms)
			AwakeInstancesAfterBackupRestoration (5ms)
Platform modules already initialized, skipping
Refreshing native plugins compatible for Editor in 0.45 ms, found 3 plugins.
Preloading 0 native plugins for Editor in 0.00 ms.
Unloading 1770 Unused Serialized files (Serialized files now loaded: 0)
System memory in use before: 94.9 MB.
System memory in use after: 95.0 MB.

Unloading 17 unused Assets to reduce memory usage. Loaded Objects now: 2271.
Total: 1.833100 ms (FindLiveObjects: 0.141800 ms CreateObjectMapping: 0.039800 ms MarkObjects: 1.637700 ms  DeleteObjects: 0.013000 ms)

AssetImportParameters requested are different than current active one (requested -> active):
  custom:framework-win-MediaFoundation: 216162199b28c13a410421893ffa2e32 -> 
  custom:video-decoder-ogg-theora: a1e56fd34408186e4bbccfd4996cb3dc -> 
  custom:container-muxer-webm: aa71ff27fc2769a1b78a27578f13a17b -> 
  custom:container-demuxer-webm: 4f35f7cbe854078d1ac9338744f61a02 -> 
  custom:container-demuxer-ogg: 62fdf1f143b41e24485cea50d1cbac27 -> 
  custom:video-encoder-webm-vp8: eb34c28f22e8b96e1ab97ce403110664 -> 
  custom:video-decoder-webm-vp8: 9c59270c3fd7afecdb556c50c9e8de78 -> 
  custom:audio-decoder-ogg-vorbis: bf7c407c2cedff20999df2af8eb42d56 -> 
  custom:audio-encoder-webm-vorbis: bf7c407c2cedff20999df2af8eb42d56 -> 
========================================================================
Received Prepare
Registering precompiled user dll's ...
Registered in 0.002392 seconds.
Begin MonoManager ReloadAssembly
Native extension for WindowsStandalone target not found
Native extension for WebGL target not found
Refreshing native plugins compatible for Editor in 0.74 ms, found 3 plugins.
Preloading 0 native plugins for Editor in 0.00 ms.
Mono: successfully reloaded assembly
- Completed reload, in  1.029 seconds
Domain Reload Profiling:
	ReloadAssembly (1030ms)
		BeginReloadAssembly (106ms)
			ExecutionOrderSort (0ms)
			DisableScriptedObjects (4ms)
			BackupInstance (0ms)
			ReleaseScriptingObjects (0ms)
			CreateAndSetChildDomain (36ms)
		EndReloadAssembly (853ms)
			LoadAssemblies (79ms)
			RebuildTransferFunctionScriptingTraits (0ms)
			SetupTypeCache (270ms)
			ReleaseScriptCaches (1ms)
			RebuildScriptCaches (44ms)
			SetupLoadedEditorAssemblies (366ms)
				LogAssemblyErrors (0ms)
				InitializePlatformSupportModulesInManaged (6ms)
				SetLoadedEditorAssemblies (1ms)
				RefreshPlugins (1ms)
				BeforeProcessingInitializeOnLoad (82ms)
				ProcessInitializeOnLoadAttributes (266ms)
				ProcessInitializeOnLoadMethodAttributes (3ms)
				AfterProcessingInitializeOnLoad (7ms)
				EditorAssembliesLoaded (0ms)
			ExecutionOrderSort2 (0ms)
			AwakeInstancesAfterBackupRestoration (6ms)
Platform modules already initialized, skipping
Refreshing native plugins compatible for Editor in 0.83 ms, found 3 plugins.
Preloading 0 native plugins for Editor in 0.00 ms.
Unloading 1770 Unused Serialized files (Serialized files now loaded: 0)
System memory in use before: 94.9 MB.
System memory in use after: 95.1 MB.

Unloading 17 unused Assets to reduce memory usage. Loaded Objects now: 2274.
Total: 2.228900 ms (FindLiveObjects: 0.230000 ms CreateObjectMapping: 0.039700 ms MarkObjects: 1.934000 ms  DeleteObjects: 0.023600 ms)

AssetImportParameters requested are different than current active one (requested -> active):
  custom:framework-win-MediaFoundation: 216162199b28c13a410421893ffa2e32 -> 
  custom:video-decoder-ogg-theora: a1e56fd34408186e4bbccfd4996cb3dc -> 
  custom:container-muxer-webm: aa71ff27fc2769a1b78a27578f13a17b -> 
  custom:container-demuxer-webm: 4f35f7cbe854078d1ac9338744f61a02 -> 
  custom:container-demuxer-ogg: 62fdf1f143b41e24485cea50d1cbac27 -> 
  custom:video-encoder-webm-vp8: eb34c28f22e8b96e1ab97ce403110664 -> 
  custom:video-decoder-webm-vp8: 9c59270c3fd7afecdb556c50c9e8de78 -> 
  custom:audio-decoder-ogg-vorbis: bf7c407c2cedff20999df2af8eb42d56 -> 
  custom:audio-encoder-webm-vorbis: bf7c407c2cedff20999df2af8eb42d56 -> 
========================================================================
Received Prepare
Registering precompiled user dll's ...
Registered in 0.002301 seconds.
Begin MonoManager ReloadAssembly
Native extension for WindowsStandalone target not found
Native extension for WebGL target not found
Refreshing native plugins compatible for Editor in 0.46 ms, found 3 plugins.
Preloading 0 native plugins for Editor in 0.00 ms.
Mono: successfully reloaded assembly
- Completed reload, in  0.834 seconds
Domain Reload Profiling:
	ReloadAssembly (835ms)
		BeginReloadAssembly (90ms)
			ExecutionOrderSort (0ms)
			DisableScriptedObjects (4ms)
			BackupInstance (0ms)
			ReleaseScriptingObjects (0ms)
			CreateAndSetChildDomain (24ms)
		EndReloadAssembly (691ms)
			LoadAssemblies (65ms)
			RebuildTransferFunctionScriptingTraits (0ms)
			SetupTypeCache (212ms)
			ReleaseScriptCaches (1ms)
			RebuildScriptCaches (35ms)
			SetupLoadedEditorAssemblies (299ms)
				LogAssemblyErrors (0ms)
				InitializePlatformSupportModulesInManaged (5ms)
				SetLoadedEditorAssemblies (0ms)
				RefreshPlugins (0ms)
				BeforeProcessingInitializeOnLoad (67ms)
				ProcessInitializeOnLoadAttributes (218ms)
				ProcessInitializeOnLoadMethodAttributes (3ms)
				AfterProcessingInitializeOnLoad (5ms)
				EditorAssembliesLoaded (0ms)
			ExecutionOrderSort2 (0ms)
			AwakeInstancesAfterBackupRestoration (5ms)
Platform modules already initialized, skipping
Refreshing native plugins compatible for Editor in 0.45 ms, found 3 plugins.
Preloading 0 native plugins for Editor in 0.00 ms.
Unloading 1770 Unused Serialized files (Serialized files now loaded: 0)
System memory in use before: 95.0 MB.
System memory in use after: 95.1 MB.

Unloading 17 unused Assets to reduce memory usage. Loaded Objects now: 2277.
Total: 1.871300 ms (FindLiveObjects: 0.139100 ms CreateObjectMapping: 0.039400 ms MarkObjects: 1.678600 ms  DeleteObjects: 0.013400 ms)

AssetImportParameters requested are different than current active one (requested -> active):
  custom:framework-win-MediaFoundation: 216162199b28c13a410421893ffa2e32 -> 
  custom:video-decoder-ogg-theora: a1e56fd34408186e4bbccfd4996cb3dc -> 
  custom:container-muxer-webm: aa71ff27fc2769a1b78a27578f13a17b -> 
  custom:container-demuxer-webm: 4f35f7cbe854078d1ac9338744f61a02 -> 
  custom:container-demuxer-ogg: 62fdf1f143b41e24485cea50d1cbac27 -> 
  custom:video-encoder-webm-vp8: eb34c28f22e8b96e1ab97ce403110664 -> 
  custom:video-decoder-webm-vp8: 9c59270c3fd7afecdb556c50c9e8de78 -> 
  custom:audio-decoder-ogg-vorbis: bf7c407c2cedff20999df2af8eb42d56 -> 
  custom:audio-encoder-webm-vorbis: bf7c407c2cedff20999df2af8eb42d56 -> 
========================================================================
Received Prepare
Registering precompiled user dll's ...
Registered in 0.002175 seconds.
Begin MonoManager ReloadAssembly
Native extension for WindowsStandalone target not found
Native extension for WebGL target not found
Refreshing native plugins compatible for Editor in 0.45 ms, found 3 plugins.
Preloading 0 native plugins for Editor in 0.00 ms.
Mono: successfully reloaded assembly
- Completed reload, in  0.843 seconds
Domain Reload Profiling:
	ReloadAssembly (843ms)
		BeginReloadAssembly (97ms)
			ExecutionOrderSort (0ms)
			DisableScriptedObjects (3ms)
			BackupInstance (0ms)
			ReleaseScriptingObjects (0ms)
			CreateAndSetChildDomain (27ms)
		EndReloadAssembly (694ms)
			LoadAssemblies (64ms)
			RebuildTransferFunctionScriptingTraits (0ms)
			SetupTypeCache (212ms)
			ReleaseScriptCaches (1ms)
			RebuildScriptCaches (36ms)
			SetupLoadedEditorAssemblies (302ms)
				LogAssemblyErrors (0ms)
				InitializePlatformSupportModulesInManaged (5ms)
				SetLoadedEditorAssemblies (0ms)
				RefreshPlugins (0ms)
				BeforeProcessingInitializeOnLoad (67ms)
				ProcessInitializeOnLoadAttributes (222ms)
				ProcessInitializeOnLoadMethodAttributes (3ms)
				AfterProcessingInitializeOnLoad (5ms)
				EditorAssembliesLoaded (0ms)
			ExecutionOrderSort2 (0ms)
			AwakeInstancesAfterBackupRestoration (5ms)
Platform modules already initialized, skipping
Refreshing native plugins compatible for Editor in 0.44 ms, found 3 plugins.
Preloading 0 native plugins for Editor in 0.00 ms.
Unloading 1770 Unused Serialized files (Serialized files now loaded: 0)
System memory in use before: 95.0 MB.
System memory in use after: 95.1 MB.

Unloading 17 unused Assets to reduce memory usage. Loaded Objects now: 2280.
Total: 1.857200 ms (FindLiveObjects: 0.158300 ms CreateObjectMapping: 0.044500 ms MarkObjects: 1.640000 ms  DeleteObjects: 0.013600 ms)

AssetImportParameters requested are different than current active one (requested -> active):
  custom:framework-win-MediaFoundation: 216162199b28c13a410421893ffa2e32 -> 
  custom:video-decoder-ogg-theora: a1e56fd34408186e4bbccfd4996cb3dc -> 
  custom:container-muxer-webm: aa71ff27fc2769a1b78a27578f13a17b -> 
  custom:container-demuxer-webm: 4f35f7cbe854078d1ac9338744f61a02 -> 
  custom:container-demuxer-ogg: 62fdf1f143b41e24485cea50d1cbac27 -> 
  custom:video-encoder-webm-vp8: eb34c28f22e8b96e1ab97ce403110664 -> 
  custom:video-decoder-webm-vp8: 9c59270c3fd7afecdb556c50c9e8de78 -> 
  custom:audio-decoder-ogg-vorbis: bf7c407c2cedff20999df2af8eb42d56 -> 
  custom:audio-encoder-webm-vorbis: bf7c407c2cedff20999df2af8eb42d56 -> 
========================================================================
Received Prepare
Registering precompiled user dll's ...
Registered in 0.002221 seconds.
Begin MonoManager ReloadAssembly
Native extension for WindowsStandalone target not found
Native extension for WebGL target not found
Refreshing native plugins compatible for Editor in 0.44 ms, found 3 plugins.
Preloading 0 native plugins for Editor in 0.00 ms.
Mono: successfully reloaded assembly
- Completed reload, in  0.844 seconds
Domain Reload Profiling:
	ReloadAssembly (845ms)
		BeginReloadAssembly (97ms)
			ExecutionOrderSort (0ms)
			DisableScriptedObjects (4ms)
			BackupInstance (0ms)
			ReleaseScriptingObjects (0ms)
			CreateAndSetChildDomain (25ms)
		EndReloadAssembly (695ms)
			LoadAssemblies (63ms)
			RebuildTransferFunctionScriptingTraits (0ms)
			SetupTypeCache (213ms)
			ReleaseScriptCaches (1ms)
			RebuildScriptCaches (36ms)
			SetupLoadedEditorAssemblies (303ms)
				LogAssemblyErrors (0ms)
				InitializePlatformSupportModulesInManaged (5ms)
				SetLoadedEditorAssemblies (0ms)
				RefreshPlugins (0ms)
				BeforeProcessingInitializeOnLoad (68ms)
				ProcessInitializeOnLoadAttributes (222ms)
				ProcessInitializeOnLoadMethodAttributes (3ms)
				AfterProcessingInitializeOnLoad (5ms)
				EditorAssembliesLoaded (0ms)
			ExecutionOrderSort2 (0ms)
			AwakeInstancesAfterBackupRestoration (5ms)
Platform modules already initialized, skipping
Refreshing native plugins compatible for Editor in 0.46 ms, found 3 plugins.
Preloading 0 native plugins for Editor in 0.00 ms.
Unloading 1770 Unused Serialized files (Serialized files now loaded: 0)
System memory in use before: 95.0 MB.
System memory in use after: 95.1 MB.

Unloading 17 unused Assets to reduce memory usage. Loaded Objects now: 2283.
Total: 1.859800 ms (FindLiveObjects: 0.142200 ms CreateObjectMapping: 0.040000 ms MarkObjects: 1.662900 ms  DeleteObjects: 0.013600 ms)

AssetImportParameters requested are different than current active one (requested -> active):
  custom:framework-win-MediaFoundation: 216162199b28c13a410421893ffa2e32 -> 
  custom:video-decoder-ogg-theora: a1e56fd34408186e4bbccfd4996cb3dc -> 
  custom:container-muxer-webm: aa71ff27fc2769a1b78a27578f13a17b -> 
  custom:container-demuxer-webm: 4f35f7cbe854078d1ac9338744f61a02 -> 
  custom:container-demuxer-ogg: 62fdf1f143b41e24485cea50d1cbac27 -> 
  custom:video-encoder-webm-vp8: eb34c28f22e8b96e1ab97ce403110664 -> 
  custom:video-decoder-webm-vp8: 9c59270c3fd7afecdb556c50c9e8de78 -> 
  custom:audio-decoder-ogg-vorbis: bf7c407c2cedff20999df2af8eb42d56 -> 
  custom:audio-encoder-webm-vorbis: bf7c407c2cedff20999df2af8eb42d56 -> 
========================================================================
Received Prepare
Registering precompiled user dll's ...
Registered in 0.002219 seconds.
Begin MonoManager ReloadAssembly
Native extension for WindowsStandalone target not found
Native extension for WebGL target not found
Refreshing native plugins compatible for Editor in 0.44 ms, found 3 plugins.
Preloading 0 native plugins for Editor in 0.00 ms.
Mono: successfully reloaded assembly
- Completed reload, in  0.873 seconds
Domain Reload Profiling:
	ReloadAssembly (873ms)
		BeginReloadAssembly (88ms)
			ExecutionOrderSort (0ms)
			DisableScriptedObjects (4ms)
			BackupInstance (0ms)
			ReleaseScriptingObjects (0ms)
			CreateAndSetChildDomain (24ms)
		EndReloadAssembly (724ms)
			LoadAssemblies (65ms)
			RebuildTransferFunctionScriptingTraits (0ms)
			SetupTypeCache (231ms)
			ReleaseScriptCaches (1ms)
			RebuildScriptCaches (36ms)
			SetupLoadedEditorAssemblies (313ms)
				LogAssemblyErrors (0ms)
				InitializePlatformSupportModulesInManaged (5ms)
				SetLoadedEditorAssemblies (0ms)
				RefreshPlugins (0ms)
				BeforeProcessingInitializeOnLoad (67ms)
				ProcessInitializeOnLoadAttributes (232ms)
				ProcessInitializeOnLoadMethodAttributes (3ms)
				AfterProcessingInitializeOnLoad (5ms)
				EditorAssembliesLoaded (0ms)
			ExecutionOrderSort2 (0ms)
			AwakeInstancesAfterBackupRestoration (5ms)
Platform modules already initialized, skipping
Refreshing native plugins compatible for Editor in 0.48 ms, found 3 plugins.
Preloading 0 native plugins for Editor in 0.00 ms.
Unloading 1770 Unused Serialized files (Serialized files now loaded: 0)
System memory in use before: 95.0 MB.
System memory in use after: 95.1 MB.

Unloading 17 unused Assets to reduce memory usage. Loaded Objects now: 2286.
Total: 1.822400 ms (FindLiveObjects: 0.137000 ms CreateObjectMapping: 0.039800 ms MarkObjects: 1.631300 ms  DeleteObjects: 0.012900 ms)

AssetImportParameters requested are different than current active one (requested -> active):
  custom:framework-win-MediaFoundation: 216162199b28c13a410421893ffa2e32 -> 
  custom:video-decoder-ogg-theora: a1e56fd34408186e4bbccfd4996cb3dc -> 
  custom:container-muxer-webm: aa71ff27fc2769a1b78a27578f13a17b -> 
  custom:container-demuxer-webm: 4f35f7cbe854078d1ac9338744f61a02 -> 
  custom:container-demuxer-ogg: 62fdf1f143b41e24485cea50d1cbac27 -> 
  custom:video-encoder-webm-vp8: eb34c28f22e8b96e1ab97ce403110664 -> 
  custom:video-decoder-webm-vp8: 9c59270c3fd7afecdb556c50c9e8de78 -> 
  custom:audio-decoder-ogg-vorbis: bf7c407c2cedff20999df2af8eb42d56 -> 
  custom:audio-encoder-webm-vorbis: bf7c407c2cedff20999df2af8eb42d56 -> 
========================================================================
Received Prepare
Registering precompiled user dll's ...
Registered in 0.002297 seconds.
Begin MonoManager ReloadAssembly
Native extension for WindowsStandalone target not found
Native extension for WebGL target not found
Refreshing native plugins compatible for Editor in 0.44 ms, found 3 plugins.
Preloading 0 native plugins for Editor in 0.00 ms.
Mono: successfully reloaded assembly
- Completed reload, in  0.854 seconds
Domain Reload Profiling:
	ReloadAssembly (854ms)
		BeginReloadAssembly (99ms)
			ExecutionOrderSort (0ms)
			DisableScriptedObjects (3ms)
			BackupInstance (0ms)
			ReleaseScriptingObjects (0ms)
			CreateAndSetChildDomain (24ms)
		EndReloadAssembly (700ms)
			LoadAssemblies (66ms)
			RebuildTransferFunctionScriptingTraits (0ms)
			SetupTypeCache (222ms)
			ReleaseScriptCaches (1ms)
			RebuildScriptCaches (35ms)
			SetupLoadedEditorAssemblies (299ms)
				LogAssemblyErrors (0ms)
				InitializePlatformSupportModulesInManaged (5ms)
				SetLoadedEditorAssemblies (0ms)
				RefreshPlugins (0ms)
				BeforeProcessingInitializeOnLoad (67ms)
				ProcessInitializeOnLoadAttributes (219ms)
				ProcessInitializeOnLoadMethodAttributes (3ms)
				AfterProcessingInitializeOnLoad (5ms)
				EditorAssembliesLoaded (0ms)
			ExecutionOrderSort2 (0ms)
			AwakeInstancesAfterBackupRestoration (5ms)
Platform modules already initialized, skipping
Refreshing native plugins compatible for Editor in 0.46 ms, found 3 plugins.
Preloading 0 native plugins for Editor in 0.00 ms.
Unloading 1770 Unused Serialized files (Serialized files now loaded: 0)
System memory in use before: 95.0 MB.
System memory in use after: 95.1 MB.

Unloading 17 unused Assets to reduce memory usage. Loaded Objects now: 2289.
Total: 2.035600 ms (FindLiveObjects: 0.183800 ms CreateObjectMapping: 0.041400 ms MarkObjects: 1.792700 ms  DeleteObjects: 0.016700 ms)

AssetImportParameters requested are different than current active one (requested -> active):
  custom:framework-win-MediaFoundation: 216162199b28c13a410421893ffa2e32 -> 
  custom:video-decoder-ogg-theora: a1e56fd34408186e4bbccfd4996cb3dc -> 
  custom:container-muxer-webm: aa71ff27fc2769a1b78a27578f13a17b -> 
  custom:container-demuxer-webm: 4f35f7cbe854078d1ac9338744f61a02 -> 
  custom:container-demuxer-ogg: 62fdf1f143b41e24485cea50d1cbac27 -> 
  custom:video-encoder-webm-vp8: eb34c28f22e8b96e1ab97ce403110664 -> 
  custom:video-decoder-webm-vp8: 9c59270c3fd7afecdb556c50c9e8de78 -> 
  custom:audio-decoder-ogg-vorbis: bf7c407c2cedff20999df2af8eb42d56 -> 
  custom:audio-encoder-webm-vorbis: bf7c407c2cedff20999df2af8eb42d56 -> 
========================================================================
Received Prepare
Registering precompiled user dll's ...
Registered in 0.002184 seconds.
Begin MonoManager ReloadAssembly
Native extension for WindowsStandalone target not found
Native extension for WebGL target not found
Refreshing native plugins compatible for Editor in 0.52 ms, found 3 plugins.
Preloading 0 native plugins for Editor in 0.00 ms.
Mono: successfully reloaded assembly
- Completed reload, in  0.868 seconds
Domain Reload Profiling:
	ReloadAssembly (868ms)
		BeginReloadAssembly (92ms)
			ExecutionOrderSort (0ms)
			DisableScriptedObjects (4ms)
			BackupInstance (0ms)
			ReleaseScriptingObjects (0ms)
			CreateAndSetChildDomain (25ms)
		EndReloadAssembly (722ms)
			LoadAssemblies (64ms)
			RebuildTransferFunctionScriptingTraits (0ms)
			SetupTypeCache (222ms)
			ReleaseScriptCaches (1ms)
			RebuildScriptCaches (38ms)
			SetupLoadedEditorAssemblies (304ms)
				LogAssemblyErrors (0ms)
				InitializePlatformSupportModulesInManaged (5ms)
				SetLoadedEditorAssemblies (0ms)
				RefreshPlugins (1ms)
				BeforeProcessingInitializeOnLoad (70ms)
				ProcessInitializeOnLoadAttributes (220ms)
				ProcessInitializeOnLoadMethodAttributes (3ms)
				AfterProcessingInitializeOnLoad (5ms)
				EditorAssembliesLoaded (0ms)
			ExecutionOrderSort2 (0ms)
			AwakeInstancesAfterBackupRestoration (5ms)
Platform modules already initialized, skipping
Refreshing native plugins compatible for Editor in 0.44 ms, found 3 plugins.
Preloading 0 native plugins for Editor in 0.00 ms.
Unloading 1770 Unused Serialized files (Serialized files now loaded: 0)
System memory in use before: 95.0 MB.
System memory in use after: 95.1 MB.

Unloading 17 unused Assets to reduce memory usage. Loaded Objects now: 2292.
Total: 2.085000 ms (FindLiveObjects: 0.173500 ms CreateObjectMapping: 0.040300 ms MarkObjects: 1.856300 ms  DeleteObjects: 0.013900 ms)

AssetImportParameters requested are different than current active one (requested -> active):
  custom:framework-win-MediaFoundation: 216162199b28c13a410421893ffa2e32 -> 
  custom:video-decoder-ogg-theora: a1e56fd34408186e4bbccfd4996cb3dc -> 
  custom:container-muxer-webm: aa71ff27fc2769a1b78a27578f13a17b -> 
  custom:container-demuxer-webm: 4f35f7cbe854078d1ac9338744f61a02 -> 
  custom:container-demuxer-ogg: 62fdf1f143b41e24485cea50d1cbac27 -> 
  custom:video-encoder-webm-vp8: eb34c28f22e8b96e1ab97ce403110664 -> 
  custom:video-decoder-webm-vp8: 9c59270c3fd7afecdb556c50c9e8de78 -> 
  custom:audio-decoder-ogg-vorbis: bf7c407c2cedff20999df2af8eb42d56 -> 
  custom:audio-encoder-webm-vorbis: bf7c407c2cedff20999df2af8eb42d56 -> 
========================================================================
Received Prepare
Registering precompiled user dll's ...
Registered in 0.002193 seconds.
Begin MonoManager ReloadAssembly
Native extension for WindowsStandalone target not found
Native extension for WebGL target not found
Refreshing native plugins compatible for Editor in 0.45 ms, found 3 plugins.
Preloading 0 native plugins for Editor in 0.00 ms.
Mono: successfully reloaded assembly
- Completed reload, in  0.843 seconds
Domain Reload Profiling:
	ReloadAssembly (843ms)
		BeginReloadAssembly (88ms)
			ExecutionOrderSort (0ms)
			DisableScriptedObjects (4ms)
			BackupInstance (0ms)
			ReleaseScriptingObjects (0ms)
			CreateAndSetChildDomain (27ms)
		EndReloadAssembly (702ms)
			LoadAssemblies (65ms)
			RebuildTransferFunctionScriptingTraits (0ms)
			SetupTypeCache (220ms)
			ReleaseScriptCaches (1ms)
			RebuildScriptCaches (36ms)
			SetupLoadedEditorAssemblies (302ms)
				LogAssemblyErrors (0ms)
				InitializePlatformSupportModulesInManaged (5ms)
				SetLoadedEditorAssemblies (0ms)
				RefreshPlugins (0ms)
				BeforeProcessingInitializeOnLoad (68ms)
				ProcessInitializeOnLoadAttributes (221ms)
				ProcessInitializeOnLoadMethodAttributes (3ms)
				AfterProcessingInitializeOnLoad (5ms)
				EditorAssembliesLoaded (0ms)
			ExecutionOrderSort2 (0ms)
			AwakeInstancesAfterBackupRestoration (5ms)
Platform modules already initialized, skipping
Refreshing native plugins compatible for Editor in 0.44 ms, found 3 plugins.
Preloading 0 native plugins for Editor in 0.00 ms.
Unloading 1770 Unused Serialized files (Serialized files now loaded: 0)
System memory in use before: 95.0 MB.
System memory in use after: 95.1 MB.

Unloading 17 unused Assets to reduce memory usage. Loaded Objects now: 2295.
Total: 1.849800 ms (FindLiveObjects: 0.140900 ms CreateObjectMapping: 0.039400 ms MarkObjects: 1.655300 ms  DeleteObjects: 0.013300 ms)

AssetImportParameters requested are different than current active one (requested -> active):
  custom:framework-win-MediaFoundation: 216162199b28c13a410421893ffa2e32 -> 
  custom:video-decoder-ogg-theora: a1e56fd34408186e4bbccfd4996cb3dc -> 
  custom:container-muxer-webm: aa71ff27fc2769a1b78a27578f13a17b -> 
  custom:container-demuxer-webm: 4f35f7cbe854078d1ac9338744f61a02 -> 
  custom:container-demuxer-ogg: 62fdf1f143b41e24485cea50d1cbac27 -> 
  custom:video-encoder-webm-vp8: eb34c28f22e8b96e1ab97ce403110664 -> 
  custom:video-decoder-webm-vp8: 9c59270c3fd7afecdb556c50c9e8de78 -> 
  custom:audio-decoder-ogg-vorbis: bf7c407c2cedff20999df2af8eb42d56 -> 
  custom:audio-encoder-webm-vorbis: bf7c407c2cedff20999df2af8eb42d56 -> 
========================================================================
Received Prepare
Registering precompiled user dll's ...
Registered in 0.002399 seconds.
Begin MonoManager ReloadAssembly
Native extension for WindowsStandalone target not found
Native extension for WebGL target not found
Refreshing native plugins compatible for Editor in 0.43 ms, found 3 plugins.
Preloading 0 native plugins for Editor in 0.00 ms.
Mono: successfully reloaded assembly
- Completed reload, in  0.848 seconds
Domain Reload Profiling:
	ReloadAssembly (848ms)
		BeginReloadAssembly (89ms)
			ExecutionOrderSort (0ms)
			DisableScriptedObjects (4ms)
			BackupInstance (0ms)
			ReleaseScriptingObjects (0ms)
			CreateAndSetChildDomain (25ms)
		EndReloadAssembly (707ms)
			LoadAssemblies (65ms)
			RebuildTransferFunctionScriptingTraits (0ms)
			SetupTypeCache (219ms)
			ReleaseScriptCaches (1ms)
			RebuildScriptCaches (36ms)
			SetupLoadedEditorAssemblies (308ms)
				LogAssemblyErrors (0ms)
				InitializePlatformSupportModulesInManaged (5ms)
				SetLoadedEditorAssemblies (0ms)
				RefreshPlugins (0ms)
				BeforeProcessingInitializeOnLoad (67ms)
				ProcessInitializeOnLoadAttributes (226ms)
				ProcessInitializeOnLoadMethodAttributes (4ms)
				AfterProcessingInitializeOnLoad (6ms)
				EditorAssembliesLoaded (0ms)
			ExecutionOrderSort2 (0ms)
			AwakeInstancesAfterBackupRestoration (5ms)
Platform modules already initialized, skipping
Refreshing native plugins compatible for Editor in 0.46 ms, found 3 plugins.
Preloading 0 native plugins for Editor in 0.00 ms.
Unloading 1770 Unused Serialized files (Serialized files now loaded: 0)
System memory in use before: 95.0 MB.
System memory in use after: 95.1 MB.

Unloading 17 unused Assets to reduce memory usage. Loaded Objects now: 2298.
Total: 1.935800 ms (FindLiveObjects: 0.142300 ms CreateObjectMapping: 0.077600 ms MarkObjects: 1.701700 ms  DeleteObjects: 0.013100 ms)

AssetImportParameters requested are different than current active one (requested -> active):
  custom:framework-win-MediaFoundation: 216162199b28c13a410421893ffa2e32 -> 
  custom:video-decoder-ogg-theora: a1e56fd34408186e4bbccfd4996cb3dc -> 
  custom:container-muxer-webm: aa71ff27fc2769a1b78a27578f13a17b -> 
  custom:container-demuxer-webm: 4f35f7cbe854078d1ac9338744f61a02 -> 
  custom:container-demuxer-ogg: 62fdf1f143b41e24485cea50d1cbac27 -> 
  custom:video-encoder-webm-vp8: eb34c28f22e8b96e1ab97ce403110664 -> 
  custom:video-decoder-webm-vp8: 9c59270c3fd7afecdb556c50c9e8de78 -> 
  custom:audio-decoder-ogg-vorbis: bf7c407c2cedff20999df2af8eb42d56 -> 
  custom:audio-encoder-webm-vorbis: bf7c407c2cedff20999df2af8eb42d56 -> 
========================================================================
Received Prepare
Registering precompiled user dll's ...
Registered in 0.002101 seconds.
Begin MonoManager ReloadAssembly
Native extension for WindowsStandalone target not found
Native extension for WebGL target not found
Refreshing native plugins compatible for Editor in 0.44 ms, found 3 plugins.
Preloading 0 native plugins for Editor in 0.00 ms.
Mono: successfully reloaded assembly
- Completed reload, in  0.860 seconds
Domain Reload Profiling:
	ReloadAssembly (861ms)
		BeginReloadAssembly (99ms)
			ExecutionOrderSort (0ms)
			DisableScriptedObjects (4ms)
			BackupInstance (0ms)
			ReleaseScriptingObjects (0ms)
			CreateAndSetChildDomain (24ms)
		EndReloadAssembly (705ms)
			LoadAssemblies (65ms)
			RebuildTransferFunctionScriptingTraits (0ms)
			SetupTypeCache (219ms)
			ReleaseScriptCaches (1ms)
			RebuildScriptCaches (36ms)
			SetupLoadedEditorAssemblies (306ms)
				LogAssemblyErrors (0ms)
				InitializePlatformSupportModulesInManaged (5ms)
				SetLoadedEditorAssemblies (0ms)
				RefreshPlugins (0ms)
				BeforeProcessingInitializeOnLoad (68ms)
				ProcessInitializeOnLoadAttributes (224ms)
				ProcessInitializeOnLoadMethodAttributes (3ms)
				AfterProcessingInitializeOnLoad (5ms)
				EditorAssembliesLoaded (0ms)
			ExecutionOrderSort2 (0ms)
			AwakeInstancesAfterBackupRestoration (5ms)
Platform modules already initialized, skipping
Refreshing native plugins compatible for Editor in 0.51 ms, found 3 plugins.
Preloading 0 native plugins for Editor in 0.00 ms.
Unloading 1770 Unused Serialized files (Serialized files now loaded: 0)
System memory in use before: 95.0 MB.
System memory in use after: 95.1 MB.

Unloading 17 unused Assets to reduce memory usage. Loaded Objects now: 2301.
Total: 1.874200 ms (FindLiveObjects: 0.148500 ms CreateObjectMapping: 0.040500 ms MarkObjects: 1.670900 ms  DeleteObjects: 0.013500 ms)

AssetImportParameters requested are different than current active one (requested -> active):
  custom:framework-win-MediaFoundation: 216162199b28c13a410421893ffa2e32 -> 
  custom:video-decoder-ogg-theora: a1e56fd34408186e4bbccfd4996cb3dc -> 
  custom:container-muxer-webm: aa71ff27fc2769a1b78a27578f13a17b -> 
  custom:container-demuxer-webm: 4f35f7cbe854078d1ac9338744f61a02 -> 
  custom:container-demuxer-ogg: 62fdf1f143b41e24485cea50d1cbac27 -> 
  custom:video-encoder-webm-vp8: eb34c28f22e8b96e1ab97ce403110664 -> 
  custom:video-decoder-webm-vp8: 9c59270c3fd7afecdb556c50c9e8de78 -> 
  custom:audio-decoder-ogg-vorbis: bf7c407c2cedff20999df2af8eb42d56 -> 
  custom:audio-encoder-webm-vorbis: bf7c407c2cedff20999df2af8eb42d56 -> 
========================================================================
Received Prepare
Registering precompiled user dll's ...
Registered in 0.002399 seconds.
Begin MonoManager ReloadAssembly
Native extension for WindowsStandalone target not found
Native extension for WebGL target not found
Refreshing native plugins compatible for Editor in 0.62 ms, found 3 plugins.
Preloading 0 native plugins for Editor in 0.00 ms.
Mono: successfully reloaded assembly
- Completed reload, in  0.941 seconds
Domain Reload Profiling:
	ReloadAssembly (941ms)
		BeginReloadAssembly (102ms)
			ExecutionOrderSort (0ms)
			DisableScriptedObjects (4ms)
			BackupInstance (0ms)
			ReleaseScriptingObjects (0ms)
			CreateAndSetChildDomain (26ms)
		EndReloadAssembly (765ms)
			LoadAssemblies (70ms)
			RebuildTransferFunctionScriptingTraits (0ms)
			SetupTypeCache (244ms)
			ReleaseScriptCaches (1ms)
			RebuildScriptCaches (45ms)
			SetupLoadedEditorAssemblies (321ms)
				LogAssemblyErrors (0ms)
				InitializePlatformSupportModulesInManaged (5ms)
				SetLoadedEditorAssemblies (0ms)
				RefreshPlugins (1ms)
				BeforeProcessingInitializeOnLoad (74ms)
				ProcessInitializeOnLoadAttributes (233ms)
				ProcessInitializeOnLoadMethodAttributes (3ms)
				AfterProcessingInitializeOnLoad (5ms)
				EditorAssembliesLoaded (0ms)
			ExecutionOrderSort2 (0ms)
			AwakeInstancesAfterBackupRestoration (5ms)
Platform modules already initialized, skipping
Refreshing native plugins compatible for Editor in 0.63 ms, found 3 plugins.
Preloading 0 native plugins for Editor in 0.00 ms.
Unloading 1780 Unused Serialized files (Serialized files now loaded: 0)
System memory in use before: 95.3 MB.
System memory in use after: 95.4 MB.

Unloading 17 unused Assets to reduce memory usage. Loaded Objects now: 2314.
Total: 1.955500 ms (FindLiveObjects: 0.166000 ms CreateObjectMapping: 0.042100 ms MarkObjects: 1.731900 ms  DeleteObjects: 0.014200 ms)

AssetImportParameters requested are different than current active one (requested -> active):
  custom:framework-win-MediaFoundation: 216162199b28c13a410421893ffa2e32 -> 
  custom:video-decoder-ogg-theora: a1e56fd34408186e4bbccfd4996cb3dc -> 
  custom:container-muxer-webm: aa71ff27fc2769a1b78a27578f13a17b -> 
  custom:container-demuxer-webm: 4f35f7cbe854078d1ac9338744f61a02 -> 
  custom:container-demuxer-ogg: 62fdf1f143b41e24485cea50d1cbac27 -> 
  custom:video-encoder-webm-vp8: eb34c28f22e8b96e1ab97ce403110664 -> 
  custom:video-decoder-webm-vp8: 9c59270c3fd7afecdb556c50c9e8de78 -> 
  custom:audio-decoder-ogg-vorbis: bf7c407c2cedff20999df2af8eb42d56 -> 
  custom:audio-encoder-webm-vorbis: bf7c407c2cedff20999df2af8eb42d56 -> 
========================================================================
Received Import Request.
  Time since last request: 2392.235923 seconds.
  path: Assets/PolygonalMind/LowPolyOffice/Scenes/Demo Scene/Sitting.fbx
  artifactKey: Guid(be65d7d25a2e9ad43bb2f00083ebad14) Importer(815301076,1909f56bfc062723c751e8b465ee728b)
Start importing Assets/PolygonalMind/LowPolyOffice/Scenes/Demo Scene/Sitting.fbx using Guid(be65d7d25a2e9ad43bb2f00083ebad14) Importer(815301076,1909f56bfc062723c751e8b465ee728b)  -> (artifact id: 'aef1df01ab7dd6a532f2c478f428ec53') in 0.255391 seconds 
  Import took 0.258429 seconds .

========================================================================
Received Import Request.
  Time since last request: 1.201485 seconds.
  path: Assets/PolygonalMind/LowPolyOffice/Scenes/Demo Scene/Sitting Angry.fbx
  artifactKey: Guid(d8b52ff15416a834fa29d51b5c330b74) Importer(815301076,1909f56bfc062723c751e8b465ee728b)
Start importing Assets/PolygonalMind/LowPolyOffice/Scenes/Demo Scene/Sitting Angry.fbx using Guid(d8b52ff15416a834fa29d51b5c330b74) Importer(815301076,1909f56bfc062723c751e8b465ee728b)  -> (artifact id: '2a54ba8c4db1728f58fd5888bffcfc1c') in 0.054669 seconds 
  Import took 0.057693 seconds .

========================================================================
Received Import Request.
  Time since last request: 0.957194 seconds.
  path: Assets/PolygonalMind/LowPolyOffice/Scenes/Demo Scene/Sitting (1).fbx
  artifactKey: Guid(e15dbac1b30bbe04184c911e7fd6e70d) Importer(815301076,1909f56bfc062723c751e8b465ee728b)
Start importing Assets/PolygonalMind/LowPolyOffice/Scenes/Demo Scene/Sitting (1).fbx using Guid(e15dbac1b30bbe04184c911e7fd6e70d) Importer(815301076,1909f56bfc062723c751e8b465ee728b)  -> (artifact id: '9bf91d5a178c7c04c26984c0b377d127') in 0.049578 seconds 
  Import took 0.052514 seconds .

========================================================================
Received Import Request.
  Time since last request: 3.026343 seconds.
  path: Assets/PolygonalMind/LowPolyOffice/Scenes/Demo Scene/Textures/texture_01.png
  artifactKey: Guid(92612c382c0c91d4e934e45cc78f67ce) Importer(815301076,1909f56bfc062723c751e8b465ee728b)
Start importing Assets/PolygonalMind/LowPolyOffice/Scenes/Demo Scene/Textures/texture_01.png using Guid(92612c382c0c91d4e934e45cc78f67ce) Importer(815301076,1909f56bfc062723c751e8b465ee728b)  -> (artifact id: '11e42e2180a33d47be81df38ee0b48ee') in 0.023008 seconds 
  Import took 0.025970 seconds .

========================================================================
Received Import Request.
  Time since last request: 0.022033 seconds.
  path: Assets/PolygonalMind/LowPolyOffice/Scenes/Demo Scene/Textures/texture_01.png
  artifactKey: Guid(92612c382c0c91d4e934e45cc78f67ce) Importer(815301076,1909f56bfc062723c751e8b465ee728b)
Start importing Assets/PolygonalMind/LowPolyOffice/Scenes/Demo Scene/Textures/texture_01.png using Guid(92612c382c0c91d4e934e45cc78f67ce) Importer(815301076,1909f56bfc062723c751e8b465ee728b)  -> (artifact id: '11e42e2180a33d47be81df38ee0b48ee') in 0.018969 seconds 
  Import took 0.023375 seconds .

========================================================================
Received Import Request.
  Time since last request: 14.500707 seconds.
  path: Assets/PolygonalMind/LowPolyOffice/Props/mesh_desk_01.fbx
  artifactKey: Guid(42061b0f2f1d4b144b8dcfb9723c9e6e) Importer(815301076,1909f56bfc062723c751e8b465ee728b)
Start importing Assets/PolygonalMind/LowPolyOffice/Props/mesh_desk_01.fbx using Guid(42061b0f2f1d4b144b8dcfb9723c9e6e) Importer(815301076,1909f56bfc062723c751e8b465ee728b)  -> (artifact id: 'b8c8275e93b3a66331c6395bd7de82fe') in 0.035816 seconds 
  Import took 0.038953 seconds .

========================================================================
Received Import Request.
  Time since last request: 0.900755 seconds.
  path: Assets/PolygonalMind/LowPolyOffice/Props/mesh_l_table.fbx
  artifactKey: Guid(1ecf1a56521a0df459d3e2497fc5a210) Importer(815301076,1909f56bfc062723c751e8b465ee728b)
Start importing Assets/PolygonalMind/LowPolyOffice/Props/mesh_l_table.fbx using Guid(1ecf1a56521a0df459d3e2497fc5a210) Importer(815301076,1909f56bfc062723c751e8b465ee728b)  -> (artifact id: '1a02cecb05904bfd55a5948daf270849') in 0.045901 seconds 
  Import took 0.048745 seconds .

========================================================================
Received Import Request.
  Time since last request: 1.524457 seconds.
  path: Assets/PolygonalMind/LowPolyOffice/Props/mesh_PC_01.fbx
  artifactKey: Guid(49ddef57dd87da2489028c9f6666f2fc) Importer(815301076,1909f56bfc062723c751e8b465ee728b)
Start importing Assets/PolygonalMind/LowPolyOffice/Props/mesh_PC_01.fbx using Guid(49ddef57dd87da2489028c9f6666f2fc) Importer(815301076,1909f56bfc062723c751e8b465ee728b)  -> (artifact id: '399559fc1fdf50e8ec42f3069a4f090b') in 0.016343 seconds 
  Import took 0.019148 seconds .

========================================================================
Received Import Request.
  Time since last request: 1.556604 seconds.
  path: Assets/PolygonalMind/LowPolyOffice/Props/mesh_plant_a_01.fbx
  artifactKey: Guid(6ce5771815230b44385950608b58d253) Importer(815301076,1909f56bfc062723c751e8b465ee728b)
Start importing Assets/PolygonalMind/LowPolyOffice/Props/mesh_plant_a_01.fbx using Guid(6ce5771815230b44385950608b58d253) Importer(815301076,1909f56bfc062723c751e8b465ee728b)  -> (artifact id: '0e8718d4e60dfd73c905dc7da54d4e35') in 0.016366 seconds 
  Import took 0.019074 seconds .

========================================================================
Received Import Request.
  Time since last request: 1.040180 seconds.
  path: Assets/PolygonalMind/LowPolyOffice/Props/mesh_smoke.fbx
  artifactKey: Guid(1402fcdded917d3428188a154ea6ddb8) Importer(815301076,1909f56bfc062723c751e8b465ee728b)
Start importing Assets/PolygonalMind/LowPolyOffice/Props/mesh_smoke.fbx using Guid(1402fcdded917d3428188a154ea6ddb8) Importer(815301076,1909f56bfc062723c751e8b465ee728b)  -> (artifact id: 'eaee7134aaa5427b758c32ec8588b6e6') in 0.022516 seconds 
  Import took 0.025269 seconds .

========================================================================
Received Import Request.
  Time since last request: 1.069002 seconds.
  path: Assets/PolygonalMind/LowPolyOffice/Props/mesh_tv_01.fbx
  artifactKey: Guid(98b918f337566884ca93f0222c5e24bd) Importer(815301076,1909f56bfc062723c751e8b465ee728b)
Start importing Assets/PolygonalMind/LowPolyOffice/Props/mesh_tv_01.fbx using Guid(98b918f337566884ca93f0222c5e24bd) Importer(815301076,1909f56bfc062723c751e8b465ee728b)  -> (artifact id: 'd5d88ff0751c83705dc4d820599ee185') in 0.041889 seconds 
  Import took 0.044640 seconds .

========================================================================
Received Import Request.
  Time since last request: 2.608366 seconds.
  path: Assets/PolygonalMind/LowPolyOffice/Props/mesh_3dPrinter.fbx
  artifactKey: Guid(a87a53b996c2d6a4782bff6305722eb1) Importer(815301076,1909f56bfc062723c751e8b465ee728b)
Start importing Assets/PolygonalMind/LowPolyOffice/Props/mesh_3dPrinter.fbx using Guid(a87a53b996c2d6a4782bff6305722eb1) Importer(815301076,1909f56bfc062723c751e8b465ee728b)  -> (artifact id: '376ccd4f481a337f5594ebfb705da0cf') in 0.044989 seconds 
  Import took 0.047850 seconds .

========================================================================
Received Import Request.
  Time since last request: 11.555242 seconds.
  path: Assets/MIMG/Images/Edges.png
  artifactKey: Guid(8b2280845d7b94943b19298940e4442d) Importer(815301076,1909f56bfc062723c751e8b465ee728b)
Start importing Assets/MIMG/Images/Edges.png using Guid(8b2280845d7b94943b19298940e4442d) Importer(815301076,1909f56bfc062723c751e8b465ee728b)  -> (artifact id: '4f6f947194b30f19ce3a6621c78fcaef') in 0.034647 seconds 
  Import took 0.037582 seconds .

========================================================================
Received Import Request.
  Time since last request: 3.801910 seconds.
  path: Assets/MIMG/Resources
  artifactKey: Guid(2e5080177371078489670c38fe0faa34) Importer(815301076,1909f56bfc062723c751e8b465ee728b)
Start importing Assets/MIMG/Resources using Guid(2e5080177371078489670c38fe0faa34) Importer(815301076,1909f56bfc062723c751e8b465ee728b)  -> (artifact id: '9715e21e725b4787a2da932b83f3559b') in 0.006535 seconds 
  Import took 0.010020 seconds .

========================================================================
Received Import Request.
  Time since last request: 42.033106 seconds.
  path: Assets/MIMG/Images
  artifactKey: Guid(26bb6e7d43e99cd42b5d19e4d0a0a773) Importer(815301076,1909f56bfc062723c751e8b465ee728b)
Start importing Assets/MIMG/Images using Guid(26bb6e7d43e99cd42b5d19e4d0a0a773) Importer(815301076,1909f56bfc062723c751e8b465ee728b)  -> (artifact id: '9d6e1d7d48256e562ffb863e93f03e20') in 0.004933 seconds 
  Import took 0.007585 seconds .

========================================================================
Received Import Request.
  Time since last request: 18.516474 seconds.
  path: Assets/MIMG/Demo/Images
  artifactKey: Guid(eda323d1156c733428b80246773066fb) Importer(815301076,1909f56bfc062723c751e8b465ee728b)
Start importing Assets/MIMG/Demo/Images using Guid(eda323d1156c733428b80246773066fb) Importer(815301076,1909f56bfc062723c751e8b465ee728b)  -> (artifact id: '78931d86917b07b53fda8a68632bf109') in 0.001498 seconds 
  Import took 0.004490 seconds .

========================================================================
Received Import Request.
  Time since last request: 3.031068 seconds.
  path: Assets/MIMG/Demo/Images/UI/StickForMenuEdit.png
  artifactKey: Guid(e7f556258fe9e1b488668657f1ba00e9) Importer(815301076,1909f56bfc062723c751e8b465ee728b)
Start importing Assets/MIMG/Demo/Images/UI/StickForMenuEdit.png using Guid(e7f556258fe9e1b488668657f1ba00e9) Importer(815301076,1909f56bfc062723c751e8b465ee728b)  -> (artifact id: '9b4b0df540739ca79d5b6aed886a629d') in 0.016129 seconds 
  Import took 0.018985 seconds .

========================================================================
Received Import Request.
  Time since last request: 3.983623 seconds.
  path: Assets/MIMG/Demo/Images/UI/UI.png
  artifactKey: Guid(e8a419223e9b7e149856cd5b727ec7c5) Importer(815301076,1909f56bfc062723c751e8b465ee728b)
Start importing Assets/MIMG/Demo/Images/UI/UI.png using Guid(e8a419223e9b7e149856cd5b727ec7c5) Importer(815301076,1909f56bfc062723c751e8b465ee728b)  -> (artifact id: '366e73a9423a9f152c6ad25f5681bdf0') in 0.066796 seconds 
  Import took 0.069868 seconds .

========================================================================
Received Import Request.
  Time since last request: 47.608636 seconds.
  path: Assets/MIMG/Resources/SchemesDefault/1.txt
  artifactKey: Guid(1c76f677c4f46914cb50085cc37ea23e) Importer(815301076,1909f56bfc062723c751e8b465ee728b)
Start importing Assets/MIMG/Resources/SchemesDefault/1.txt using Guid(1c76f677c4f46914cb50085cc37ea23e) Importer(815301076,1909f56bfc062723c751e8b465ee728b)  -> (artifact id: '05652f2129d26234711fe793da11e0a3') in 0.008936 seconds 
  Import took 0.011847 seconds .

========================================================================
Received Import Request.
  Time since last request: 1.374356 seconds.
  path: Assets/MIMG/Resources/SchemesDefault/2.txt
  artifactKey: Guid(617b9fc03a9c5df449a3c5e12704795f) Importer(815301076,1909f56bfc062723c751e8b465ee728b)
Start importing Assets/MIMG/Resources/SchemesDefault/2.txt using Guid(617b9fc03a9c5df449a3c5e12704795f) Importer(815301076,1909f56bfc062723c751e8b465ee728b)  -> (artifact id: '5a1e12e6792ffe1b0e14c0466e79feff') in 0.005300 seconds 
  Import took 0.008575 seconds .

========================================================================
Received Import Request.
  Time since last request: 20.181595 seconds.
  path: Assets/MIMG/Demo/Animtions
  artifactKey: Guid(dd36344d88af9904b8ca34c75fc6add7) Importer(815301076,1909f56bfc062723c751e8b465ee728b)
Start importing Assets/MIMG/Demo/Animtions using Guid(dd36344d88af9904b8ca34c75fc6add7) Importer(815301076,1909f56bfc062723c751e8b465ee728b)  -> (artifact id: '55284d3061c3ea397371eec921ab6249') in 0.006355 seconds 
  Import took 0.009100 seconds .

========================================================================
Received Import Request.
  Time since last request: 9.258339 seconds.
  path: Assets/MIMG/Demo/Images/Human/Fall (78x58).png
  artifactKey: Guid(1ae92267bf3cc524f995c18af10b8928) Importer(815301076,1909f56bfc062723c751e8b465ee728b)
Start importing Assets/MIMG/Demo/Images/Human/Fall (78x58).png using Guid(1ae92267bf3cc524f995c18af10b8928) Importer(815301076,1909f56bfc062723c751e8b465ee728b)  -> (artifact id: '006fe22a9294e836f689e705e5e11c62') in 0.048857 seconds 
  Import took 0.052151 seconds .

========================================================================
Received Import Request.
  Time since last request: 0.685590 seconds.
  path: Assets/MIMG/Demo/Images/Human/Attack (78x58).png
  artifactKey: Guid(4c5935eb35810804e84ec8c69568e432) Importer(815301076,1909f56bfc062723c751e8b465ee728b)
Start importing Assets/MIMG/Demo/Images/Human/Attack (78x58).png using Guid(4c5935eb35810804e84ec8c69568e432) Importer(815301076,1909f56bfc062723c751e8b465ee728b)  -> (artifact id: '9f1ed6635ff95cca24c6c5bc657b2206') in 0.030875 seconds 
  Import took 0.033562 seconds .

========================================================================
Received Import Request.
  Time since last request: 6.333042 seconds.
  path: Assets/MIMG/Demo/Images/TileSets/Terrain (32x32).png
  artifactKey: Guid(23e623c8009b2b147b89be2a51013b59) Importer(815301076,1909f56bfc062723c751e8b465ee728b)
Start importing Assets/MIMG/Demo/Images/TileSets/Terrain (32x32).png using Guid(23e623c8009b2b147b89be2a51013b59) Importer(815301076,1909f56bfc062723c751e8b465ee728b)  -> (artifact id: 'b33e13ecfac02af830dd154ba720756c') in 0.224776 seconds 
  Import took 0.227807 seconds .

========================================================================
Received Import Request.
  Time since last request: 28.844500 seconds.
  path: Assets/MIMG/Demo/Tiles/Terrain (32x32)_2.asset
  artifactKey: Guid(3cccd151748b5ac4fbddef91edcc86c0) Importer(815301076,1909f56bfc062723c751e8b465ee728b)
Start importing Assets/MIMG/Demo/Tiles/Terrain (32x32)_2.asset using Guid(3cccd151748b5ac4fbddef91edcc86c0) Importer(815301076,1909f56bfc062723c751e8b465ee728b)  -> (artifact id: 'd400b9c0fe084f27eb0859d74b032cd5') in 0.016354 seconds 
  Import took 0.019395 seconds .

========================================================================
Received Import Request.
  Time since last request: 0.002370 seconds.
  path: Assets/MIMG/Demo/Tiles/Terrain (32x32)_2.asset
  artifactKey: Guid(3cccd151748b5ac4fbddef91edcc86c0) Importer(815301076,1909f56bfc062723c751e8b465ee728b)
Start importing Assets/MIMG/Demo/Tiles/Terrain (32x32)_2.asset using Guid(3cccd151748b5ac4fbddef91edcc86c0) Importer(815301076,1909f56bfc062723c751e8b465ee728b)  -> (artifact id: 'd400b9c0fe084f27eb0859d74b032cd5') in 0.029501 seconds 
  Import took 0.032714 seconds .

========================================================================
Received Import Request.
  Time since last request: 6.189797 seconds.
  path: Assets/MIMG/Demo/ThaleahFat.ttf
  artifactKey: Guid(131139828d6fab94c87ae7d2eb5d4c13) Importer(815301076,1909f56bfc062723c751e8b465ee728b)
Start importing Assets/MIMG/Demo/ThaleahFat.ttf using Guid(131139828d6fab94c87ae7d2eb5d4c13) Importer(815301076,1909f56bfc062723c751e8b465ee728b)  -> (artifact id: '06bf3792076692f2ecae2574ab103ba9') in 0.045377 seconds 
  Import took 0.048379 seconds .

========================================================================
Received Import Request.
  Time since last request: 23.900594 seconds.
  path: Assets/MIMG/Prefabs/Canvas MIMG.prefab
  artifactKey: Guid(91ba2a885a2125847b5647310eb6f81a) Importer(815301076,1909f56bfc062723c751e8b465ee728b)
Start importing Assets/MIMG/Prefabs/Canvas MIMG.prefab using Guid(91ba2a885a2125847b5647310eb6f81a) Importer(815301076,1909f56bfc062723c751e8b465ee728b)  -> (artifact id: 'eb6e63e7bb44fd2f38a33ab4fb15f769') in 0.042357 seconds 
  Import took 0.045721 seconds .

========================================================================
Received Import Request.
  Time since last request: 2.380330 seconds.
  path: Assets/MIMG/Prefabs/MIMG_button.prefab
  artifactKey: Guid(90f9ea389cd36554ebe27629a4d6993c) Importer(815301076,1909f56bfc062723c751e8b465ee728b)
Start importing Assets/MIMG/Prefabs/MIMG_button.prefab using Guid(90f9ea389cd36554ebe27629a4d6993c) Importer(815301076,1909f56bfc062723c751e8b465ee728b)  -> (artifact id: 'aa77ad29513449acafaa111fb334b9a0') in 0.009434 seconds 
  Import took 0.013052 seconds .

========================================================================
Received Import Request.
  Time since last request: 0.005761 seconds.
  path: Assets/MIMG/Prefabs/MIMG_button.prefab
  artifactKey: Guid(90f9ea389cd36554ebe27629a4d6993c) Importer(815301076,1909f56bfc062723c751e8b465ee728b)
Start importing Assets/MIMG/Prefabs/MIMG_button.prefab using Guid(90f9ea389cd36554ebe27629a4d6993c) Importer(815301076,1909f56bfc062723c751e8b465ee728b)  -> (artifact id: 'aa77ad29513449acafaa111fb334b9a0') in 0.003603 seconds 
  Import took 0.006764 seconds .

========================================================================
Received Import Request.
  Time since last request: 7.834365 seconds.
  path: Assets/MIMG/Scripting/Editor
  artifactKey: Guid(45281633005ae6b45bebd94458f82b78) Importer(815301076,1909f56bfc062723c751e8b465ee728b)
Start importing Assets/MIMG/Scripting/Editor using Guid(45281633005ae6b45bebd94458f82b78) Importer(815301076,1909f56bfc062723c751e8b465ee728b)  -> (artifact id: '3cd703689643cab350bced8c33e697f9') in 0.004972 seconds 
  Import took 0.007797 seconds .

========================================================================
Received Import Request.
  Time since last request: 247.909758 seconds.
  path: Assets/MIMG
  artifactKey: Guid(efd4a9405a7b7a6419829af0fa498be7) Importer(815301076,1909f56bfc062723c751e8b465ee728b)
Start importing Assets/MIMG using Guid(efd4a9405a7b7a6419829af0fa498be7) Importer(815301076,1909f56bfc062723c751e8b465ee728b)  -> (artifact id: 'd5b27a0363dc9d7ed01ffa24924f0022') in 0.004954 seconds 
  Import took 0.007622 seconds .

========================================================================
Received Prepare
Registering precompiled user dll's ...
Registered in 0.002250 seconds.
Begin MonoManager ReloadAssembly
Native extension for WindowsStandalone target not found
Native extension for WebGL target not found
Refreshing native plugins compatible for Editor in 0.45 ms, found 3 plugins.
Preloading 0 native plugins for Editor in 0.00 ms.
Mono: successfully reloaded assembly
- Completed reload, in  0.917 seconds
Domain Reload Profiling:
	ReloadAssembly (917ms)
		BeginReloadAssembly (101ms)
			ExecutionOrderSort (0ms)
			DisableScriptedObjects (3ms)
			BackupInstance (0ms)
			ReleaseScriptingObjects (0ms)
			CreateAndSetChildDomain (32ms)
		EndReloadAssembly (759ms)
			LoadAssemblies (79ms)
			RebuildTransferFunctionScriptingTraits (0ms)
			SetupTypeCache (228ms)
			ReleaseScriptCaches (1ms)
			RebuildScriptCaches (38ms)
			SetupLoadedEditorAssemblies (334ms)
				LogAssemblyErrors (0ms)
				InitializePlatformSupportModulesInManaged (5ms)
				SetLoadedEditorAssemblies (0ms)
				RefreshPlugins (0ms)
				BeforeProcessingInitializeOnLoad (71ms)
				ProcessInitializeOnLoadAttributes (249ms)
				ProcessInitializeOnLoadMethodAttributes (3ms)
				AfterProcessingInitializeOnLoad (5ms)
				EditorAssembliesLoaded (0ms)
			ExecutionOrderSort2 (0ms)
			AwakeInstancesAfterBackupRestoration (5ms)
Platform modules already initialized, skipping
Refreshing native plugins compatible for Editor in 0.47 ms, found 3 plugins.
Preloading 0 native plugins for Editor in 0.00 ms.
Unloading 1770 Unused Serialized files (Serialized files now loaded: 0)
System memory in use before: 112.5 MB.
System memory in use after: 112.6 MB.

Unloading 30 unused Assets to reduce memory usage. Loaded Objects now: 2381.
Total: 2.015400 ms (FindLiveObjects: 0.170500 ms CreateObjectMapping: 0.041800 ms MarkObjects: 1.773300 ms  DeleteObjects: 0.028700 ms)

AssetImportParameters requested are different than current active one (requested -> active):
  custom:framework-win-MediaFoundation: 216162199b28c13a410421893ffa2e32 -> 
  custom:video-decoder-ogg-theora: a1e56fd34408186e4bbccfd4996cb3dc -> 
  custom:container-muxer-webm: aa71ff27fc2769a1b78a27578f13a17b -> 
  custom:container-demuxer-webm: 4f35f7cbe854078d1ac9338744f61a02 -> 
  custom:container-demuxer-ogg: 62fdf1f143b41e24485cea50d1cbac27 -> 
  custom:video-encoder-webm-vp8: eb34c28f22e8b96e1ab97ce403110664 -> 
  custom:video-decoder-webm-vp8: 9c59270c3fd7afecdb556c50c9e8de78 -> 
  custom:audio-decoder-ogg-vorbis: bf7c407c2cedff20999df2af8eb42d56 -> 
  custom:audio-encoder-webm-vorbis: bf7c407c2cedff20999df2af8eb42d56 -> 
========================================================================
Received Import Request.
  Time since last request: 2353.756258 seconds.
  path: Assets/Imagenes/progressbarImagenes
  artifactKey: Guid(2145cbafedafb6e40ae39d77c132bb8a) Importer(815301076,1909f56bfc062723c751e8b465ee728b)
Start importing Assets/Imagenes/progressbarImagenes using Guid(2145cbafedafb6e40ae39d77c132bb8a) Importer(815301076,1909f56bfc062723c751e8b465ee728b)  -> (artifact id: '7187fb8e75e583a4f988ebc26b4a1a24') in 0.008793 seconds 
  Import took 0.011919 seconds .

========================================================================
Received Import Request.
  Time since last request: 20.943597 seconds.
  path: Assets/Imagenes/progressbarImagenes/ProgressbarImage.png
  artifactKey: Guid(dbd23f4f5adde954c873e84730f7bde9) Importer(815301076,1909f56bfc062723c751e8b465ee728b)
Start importing Assets/Imagenes/progressbarImagenes/ProgressbarImage.png using Guid(dbd23f4f5adde954c873e84730f7bde9) Importer(815301076,1909f56bfc062723c751e8b465ee728b)  -> (artifact id: 'b0b544826bdd5b654c2aba184e366da3') in 0.049756 seconds 
  Import took 0.052766 seconds .

========================================================================
Received Import Request.
  Time since last request: 0.002968 seconds.
  path: Assets/Imagenes/progressbarImagenes/ProgressbarImage.png
  artifactKey: Guid(dbd23f4f5adde954c873e84730f7bde9) Importer(815301076,1909f56bfc062723c751e8b465ee728b)
Start importing Assets/Imagenes/progressbarImagenes/ProgressbarImage.png using Guid(dbd23f4f5adde954c873e84730f7bde9) Importer(815301076,1909f56bfc062723c751e8b465ee728b)  -> (artifact id: 'b0b544826bdd5b654c2aba184e366da3') in 0.011993 seconds 
  Import took 0.014905 seconds .

========================================================================
Received Import Request.
  Time since last request: 33.226882 seconds.
  path: Assets/Imagenes/progressbarImagenes/ProgressbarImage.png
  artifactKey: Guid(dbd23f4f5adde954c873e84730f7bde9) Importer(815301076,1909f56bfc062723c751e8b465ee728b)
Start importing Assets/Imagenes/progressbarImagenes/ProgressbarImage.png using Guid(dbd23f4f5adde954c873e84730f7bde9) Importer(815301076,1909f56bfc062723c751e8b465ee728b)  -> (artifact id: '234bc7950db48bc8ce5b257e3232d522') in 0.028367 seconds 
  Import took 0.031037 seconds .

========================================================================
Received Import Request.
  Time since last request: 94.553469 seconds.
  path: Assets/Texturas img/pastoLowPoly.jpg
  artifactKey: Guid(9f3b46e7f12d9e74083d7e4c5d47d945) Importer(815301076,1909f56bfc062723c751e8b465ee728b)
Start importing Assets/Texturas img/pastoLowPoly.jpg using Guid(9f3b46e7f12d9e74083d7e4c5d47d945) Importer(815301076,1909f56bfc062723c751e8b465ee728b)  -> (artifact id: '943a811cc7f6c70060bf5dd976ab9018') in 0.079580 seconds 
  Import took 0.082391 seconds .

========================================================================
Received Import Request.
  Time since last request: 0.000150 seconds.
  path: Assets/Texturas/MapaPrincipal/pisoBaseMapa.jpg
  artifactKey: Guid(03d72c9d7ec20f749b6c9fd424ab5598) Importer(815301076,1909f56bfc062723c751e8b465ee728b)
Start importing Assets/Texturas/MapaPrincipal/pisoBaseMapa.jpg using Guid(03d72c9d7ec20f749b6c9fd424ab5598) Importer(815301076,1909f56bfc062723c751e8b465ee728b)  -> (artifact id: '303424b43801022628085e101586dc84') in 0.042505 seconds 
  Import took 0.045163 seconds .

========================================================================
Received Import Request.
  Time since last request: 0.000149 seconds.
  path: Assets/NumerosTestPreguntas/Test_Dos.png
  artifactKey: Guid(e3691a90809a61a459e8a74689c7017e) Importer(815301076,1909f56bfc062723c751e8b465ee728b)
Start importing Assets/NumerosTestPreguntas/Test_Dos.png using Guid(e3691a90809a61a459e8a74689c7017e) Importer(815301076,1909f56bfc062723c751e8b465ee728b)  -> (artifact id: '677a6e89dd8456777f627f1663d19b8d') in 0.056862 seconds 
  Import took 0.059457 seconds .

========================================================================
Received Import Request.
  Time since last request: 0.000151 seconds.
  path: Assets/Texturas/MapaPrincipal/pisoBase.jpg
  artifactKey: Guid(f0fbd03c5c69bba4bb38ba3b06a2b570) Importer(815301076,1909f56bfc062723c751e8b465ee728b)
Start importing Assets/Texturas/MapaPrincipal/pisoBase.jpg using Guid(f0fbd03c5c69bba4bb38ba3b06a2b570) Importer(815301076,1909f56bfc062723c751e8b465ee728b)  -> (artifact id: '15275ca4acf0555cf4935115ef3b3f3d') in 0.025563 seconds 
  Import took 0.028406 seconds .

========================================================================
Received Import Request.
  Time since last request: 0.000225 seconds.
  path: Assets/Imagenes/IconosFacultad/Salud.png
  artifactKey: Guid(c72f76b0f406c5c4c989fede70fd5042) Importer(815301076,1909f56bfc062723c751e8b465ee728b)
Start importing Assets/Imagenes/IconosFacultad/Salud.png using Guid(c72f76b0f406c5c4c989fede70fd5042) Importer(815301076,1909f56bfc062723c751e8b465ee728b)  -> (artifact id: 'af374ac7f8a7a4767f7bd524f10e18cf') in 0.030199 seconds 
  Import took 0.033006 seconds .

========================================================================
Received Import Request.
  Time since last request: 0.000143 seconds.
  path: Assets/Texturas img/TEST VOCACIONALbanner.jpg
  artifactKey: Guid(ed675cfc81c70d942b4d3439c05b7b21) Importer(815301076,1909f56bfc062723c751e8b465ee728b)
Start importing Assets/Texturas img/TEST VOCACIONALbanner.jpg using Guid(ed675cfc81c70d942b4d3439c05b7b21) Importer(815301076,1909f56bfc062723c751e8b465ee728b)  -> (artifact id: '4ac55afe59647632ca8faf60047d97e3') in 0.057784 seconds 
  Import took 0.060315 seconds .

========================================================================
Received Import Request.
  Time since last request: 0.000147 seconds.
  path: Assets/NumerosTestPreguntas/Test_Uno.png
  artifactKey: Guid(d04df4023fe49184bac6e12fc3d069de) Importer(815301076,1909f56bfc062723c751e8b465ee728b)
Start importing Assets/NumerosTestPreguntas/Test_Uno.png using Guid(d04df4023fe49184bac6e12fc3d069de) Importer(815301076,1909f56bfc062723c751e8b465ee728b)  -> (artifact id: 'eb675a93c05450e36e060a7f249ef1be') in 0.049516 seconds 
  Import took 0.052313 seconds .

========================================================================
Received Import Request.
  Time since last request: 0.000163 seconds.
  path: Assets/NumerosTestPreguntas/Test_Tres.png
  artifactKey: Guid(fa4e15a1f6cb63a4c8525c89f093de02) Importer(815301076,1909f56bfc062723c751e8b465ee728b)
Start importing Assets/NumerosTestPreguntas/Test_Tres.png using Guid(fa4e15a1f6cb63a4c8525c89f093de02) Importer(815301076,1909f56bfc062723c751e8b465ee728b)  -> (artifact id: '5583875542cbf9fbec74e44729c67b07') in 0.104046 seconds 
  Import took 0.106573 seconds .

========================================================================
Received Import Request.
  Time since last request: 0.000161 seconds.
  path: Assets/Texturas img/pisoCemento.jpg
  artifactKey: Guid(1ed25c1c0f33f504f9e165837447cc05) Importer(815301076,1909f56bfc062723c751e8b465ee728b)
Start importing Assets/Texturas img/pisoCemento.jpg using Guid(1ed25c1c0f33f504f9e165837447cc05) Importer(815301076,1909f56bfc062723c751e8b465ee728b)  -> (artifact id: '91f436403bce1bb6ea340ccfcef7ac98') in 0.052336 seconds 
  Import took 0.055183 seconds .

========================================================================
Received Import Request.
  Time since last request: 0.000154 seconds.
  path: Assets/Imagenes/IconosFacultad/pngegg.png
  artifactKey: Guid(f56991467b44c4b45a7abff285821615) Importer(815301076,1909f56bfc062723c751e8b465ee728b)
Start importing Assets/Imagenes/IconosFacultad/pngegg.png using Guid(f56991467b44c4b45a7abff285821615) Importer(815301076,1909f56bfc062723c751e8b465ee728b)  -> (artifact id: 'ca1d25ff3ed6a70c95d6e8a3f627c00e') in 0.023112 seconds 
  Import took 0.025949 seconds .

========================================================================
Received Import Request.
  Time since last request: 0.000166 seconds.
  path: Assets/Texturas img/TEST VOCACIONAL pregunta.jpg
  artifactKey: Guid(9728fb084cb1c4b438ce18c65ccabc6a) Importer(815301076,1909f56bfc062723c751e8b465ee728b)
Start importing Assets/Texturas img/TEST VOCACIONAL pregunta.jpg using Guid(9728fb084cb1c4b438ce18c65ccabc6a) Importer(815301076,1909f56bfc062723c751e8b465ee728b)  -> (artifact id: '3f58f7564965b711d09fb0a5be4bc2d5') in 0.061432 seconds 
  Import took 0.064507 seconds .

========================================================================
Received Import Request.
  Time since last request: 0.000156 seconds.
  path: Assets/Akishaqs/Characters/_CommonFiles/_DemoStuff/UI/Arrows.png
  artifactKey: Guid(235913f6b51918d418c1b287eb36de76) Importer(815301076,1909f56bfc062723c751e8b465ee728b)
Start importing Assets/Akishaqs/Characters/_CommonFiles/_DemoStuff/UI/Arrows.png using Guid(235913f6b51918d418c1b287eb36de76) Importer(815301076,1909f56bfc062723c751e8b465ee728b)  -> (artifact id: '9f14d61c385493d1d07bf89127e9fac4') in 0.031020 seconds 
  Import took 0.034250 seconds .

========================================================================
Received Import Request.
  Time since last request: 0.299956 seconds.
  path: Assets/Imagenes/ImagenesTestFacultadCienciasSalud/MarcoTitulo.png
  artifactKey: Guid(535e85c1bbc8bec4cb1d5d01b88e825a) Importer(815301076,1909f56bfc062723c751e8b465ee728b)
Start importing Assets/Imagenes/ImagenesTestFacultadCienciasSalud/MarcoTitulo.png using Guid(535e85c1bbc8bec4cb1d5d01b88e825a) Importer(815301076,1909f56bfc062723c751e8b465ee728b)  -> (artifact id: 'b95fc52cf686c43771db1c2603e6ab73') in 0.049036 seconds 
  Import took 0.051872 seconds .

========================================================================
Received Import Request.
  Time since last request: 0.000225 seconds.
  path: Assets/Texturas img/pasto.jpg
  artifactKey: Guid(ec0e66e52e708ca4d8a3cbb39bfa9340) Importer(815301076,1909f56bfc062723c751e8b465ee728b)
Start importing Assets/Texturas img/pasto.jpg using Guid(ec0e66e52e708ca4d8a3cbb39bfa9340) Importer(815301076,1909f56bfc062723c751e8b465ee728b)  -> (artifact id: 'fbe8d491da80a9fdcf0172e2db2cb955') in 0.028961 seconds 
  Import took 0.031674 seconds .

========================================================================
Received Import Request.
  Time since last request: 0.000152 seconds.
  path: Assets/Texturas img/paredLadrillo.jpg
  artifactKey: Guid(ad8e84bdcb7acbd4db34ecea10e6b915) Importer(815301076,1909f56bfc062723c751e8b465ee728b)
Start importing Assets/Texturas img/paredLadrillo.jpg using Guid(ad8e84bdcb7acbd4db34ecea10e6b915) Importer(815301076,1909f56bfc062723c751e8b465ee728b)  -> (artifact id: '7c03e9a5027c90aa18e8b55fea059e1e') in 0.047146 seconds 
  Import took 0.050224 seconds .

========================================================================
Received Import Request.
  Time since last request: 0.136040 seconds.
  path: Assets/Texturas img/ladrilloTexture.jpg
  artifactKey: Guid(e31b3400ddb0284428cbf0979de2bb44) Importer(815301076,1909f56bfc062723c751e8b465ee728b)
Start importing Assets/Texturas img/ladrilloTexture.jpg using Guid(e31b3400ddb0284428cbf0979de2bb44) Importer(815301076,1909f56bfc062723c751e8b465ee728b)  -> (artifact id: '03aae4f2b24f3da4ff064cab0b4dd4ac') in 0.040362 seconds 
  Import took 0.043239 seconds .

========================================================================
Received Import Request.
  Time since last request: 0.000151 seconds.
  path: Assets/Imagenes/IconosFacultad/Computadora.png
  artifactKey: Guid(c446e7771cc7ae043bdd8ac3fb791f92) Importer(815301076,1909f56bfc062723c751e8b465ee728b)
Start importing Assets/Imagenes/IconosFacultad/Computadora.png using Guid(c446e7771cc7ae043bdd8ac3fb791f92) Importer(815301076,1909f56bfc062723c751e8b465ee728b)  -> (artifact id: 'ac081185dfb05ae18d72e83965e6da41') in 0.018581 seconds 
  Import took 0.021175 seconds .

========================================================================
Received Import Request.
  Time since last request: 0.000169 seconds.
  path: Assets/Texturas/Logos/logoU.png
  artifactKey: Guid(af7073d74eb163440bb8fcd29521f52e) Importer(815301076,1909f56bfc062723c751e8b465ee728b)
Start importing Assets/Texturas/Logos/logoU.png using Guid(af7073d74eb163440bb8fcd29521f52e) Importer(815301076,1909f56bfc062723c751e8b465ee728b)  -> (artifact id: '779a9d8db967083994133de666fb0e9e') in 0.019249 seconds 
  Import took 0.022301 seconds .

========================================================================
Received Import Request.
  Time since last request: 0.000171 seconds.
  path: Assets/Texturas/FacultadInformatica/ladrillo.jpg
  artifactKey: Guid(dec731f7d6efdfd43bed6e848de69162) Importer(815301076,1909f56bfc062723c751e8b465ee728b)
Start importing Assets/Texturas/FacultadInformatica/ladrillo.jpg using Guid(dec731f7d6efdfd43bed6e848de69162) Importer(815301076,1909f56bfc062723c751e8b465ee728b)  -> (artifact id: '20e236f77e47d3ed43aa269f960de219') in 0.029913 seconds 
  Import took 0.032413 seconds .

========================================================================
Received Import Request.
  Time since last request: 0.000208 seconds.
  path: Assets/Imagenes/IconosFacultad/4ea2d7c4bf3cad23a4f18ee58752deb8-logotipo-de-anillos-de-alta-tecnologia.png
  artifactKey: Guid(be8fe9066a32582498dc3946c5971b4a) Importer(815301076,1909f56bfc062723c751e8b465ee728b)
Start importing Assets/Imagenes/IconosFacultad/4ea2d7c4bf3cad23a4f18ee58752deb8-logotipo-de-anillos-de-alta-tecnologia.png using Guid(be8fe9066a32582498dc3946c5971b4a) Importer(815301076,1909f56bfc062723c751e8b465ee728b)  -> (artifact id: 'd1374e96de81e25c7a530428dc843c20') in 0.021786 seconds 
  Import took 0.024741 seconds .

========================================================================
Received Import Request.
  Time since last request: 0.000172 seconds.
  path: Assets/Imagenes/IconosFacultad/Calculadora.png
  artifactKey: Guid(ef1191e7275a84f4d9e79160aab53519) Importer(815301076,1909f56bfc062723c751e8b465ee728b)
Start importing Assets/Imagenes/IconosFacultad/Calculadora.png using Guid(ef1191e7275a84f4d9e79160aab53519) Importer(815301076,1909f56bfc062723c751e8b465ee728b)  -> (artifact id: '6f4188b53ead83797e4a130388f7fc92') in 0.019241 seconds 
  Import took 0.021940 seconds .

========================================================================
Received Import Request.
  Time since last request: 0.000147 seconds.
  path: Assets/Imagenes/ImagenesTestFacultadCienciasSalud/marcoFondoPreguntas.png
  artifactKey: Guid(b76e4079c4cccbb4383603d54e9ce965) Importer(815301076,1909f56bfc062723c751e8b465ee728b)
Start importing Assets/Imagenes/ImagenesTestFacultadCienciasSalud/marcoFondoPreguntas.png using Guid(b76e4079c4cccbb4383603d54e9ce965) Importer(815301076,1909f56bfc062723c751e8b465ee728b)  -> (artifact id: '07aca7763df67a32dbf9c08e90ae60e7') in 0.028700 seconds 
  Import took 0.031108 seconds .

========================================================================
Received Import Request.
  Time since last request: 0.000149 seconds.
  path: Assets/Imagenes/ImagenesTestFacultadCienciasSalud/marcoNumeroPregunta.png
  artifactKey: Guid(1ce261c0933c28841b178d0196cd93a1) Importer(815301076,1909f56bfc062723c751e8b465ee728b)
Start importing Assets/Imagenes/ImagenesTestFacultadCienciasSalud/marcoNumeroPregunta.png using Guid(1ce261c0933c28841b178d0196cd93a1) Importer(815301076,1909f56bfc062723c751e8b465ee728b)  -> (artifact id: '86a0ffb935a565ce80204dc335c42bb5') in 0.032446 seconds 
  Import took 0.035070 seconds .

========================================================================
Received Import Request.
  Time since last request: 0.000176 seconds.
  path: Assets/Texturas/MapaPrincipal/caminoMapa.jpg
  artifactKey: Guid(12430f6a1dbe6824cb411ebcc66ea4d1) Importer(815301076,1909f56bfc062723c751e8b465ee728b)
Start importing Assets/Texturas/MapaPrincipal/caminoMapa.jpg using Guid(12430f6a1dbe6824cb411ebcc66ea4d1) Importer(815301076,1909f56bfc062723c751e8b465ee728b)  -> (artifact id: '78d9feeea8d7ccdfe735aef19a93a2f7') in 0.020599 seconds 
  Import took 0.023317 seconds .

========================================================================
Received Import Request.
  Time since last request: 0.000173 seconds.
  path: Assets/Imagenes/ImagenesTestFacultadCienciasSalud/iconoCarrera.png
  artifactKey: Guid(52cf6447d4203744992234c59c1dcad9) Importer(815301076,1909f56bfc062723c751e8b465ee728b)
Start importing Assets/Imagenes/ImagenesTestFacultadCienciasSalud/iconoCarrera.png using Guid(52cf6447d4203744992234c59c1dcad9) Importer(815301076,1909f56bfc062723c751e8b465ee728b)  -> (artifact id: '49d38a5e98bfefb835155c3ba650c653') in 0.033333 seconds 
  Import took 0.036249 seconds .

========================================================================
Received Import Request.
  Time since last request: 0.000143 seconds.
  path: Assets/Imagenes/ImagenesTestFacultadCienciasSalud/inicialesNombreCarrera.png
  artifactKey: Guid(7ad32d4bc7a4aa64f8640ab01599994c) Importer(815301076,1909f56bfc062723c751e8b465ee728b)
Start importing Assets/Imagenes/ImagenesTestFacultadCienciasSalud/inicialesNombreCarrera.png using Guid(7ad32d4bc7a4aa64f8640ab01599994c) Importer(815301076,1909f56bfc062723c751e8b465ee728b)  -> (artifact id: '1b07e9c3ff01f51b5260d00fc3f1ad2e') in 0.028619 seconds 
  Import took 0.031119 seconds .

========================================================================
Received Prepare
Registering precompiled user dll's ...
Registered in 0.115712 seconds.
Begin MonoManager ReloadAssembly
Native extension for WindowsStandalone target not found
Native extension for WebGL target not found
Refreshing native plugins compatible for Editor in 0.44 ms, found 3 plugins.
Preloading 0 native plugins for Editor in 0.00 ms.
Mono: successfully reloaded assembly
- Completed reload, in  0.931 seconds
Domain Reload Profiling:
	ReloadAssembly (932ms)
		BeginReloadAssembly (89ms)
			ExecutionOrderSort (0ms)
			DisableScriptedObjects (4ms)
			BackupInstance (0ms)
			ReleaseScriptingObjects (0ms)
			CreateAndSetChildDomain (28ms)
		EndReloadAssembly (790ms)
			LoadAssemblies (68ms)
			RebuildTransferFunctionScriptingTraits (0ms)
			SetupTypeCache (217ms)
			ReleaseScriptCaches (1ms)
			RebuildScriptCaches (38ms)
			SetupLoadedEditorAssemblies (386ms)
				LogAssemblyErrors (0ms)
				InitializePlatformSupportModulesInManaged (5ms)
				SetLoadedEditorAssemblies (0ms)
				RefreshPlugins (0ms)
				BeforeProcessingInitializeOnLoad (71ms)
				ProcessInitializeOnLoadAttributes (301ms)
				ProcessInitializeOnLoadMethodAttributes (3ms)
				AfterProcessingInitializeOnLoad (5ms)
				EditorAssembliesLoaded (0ms)
			ExecutionOrderSort2 (0ms)
			AwakeInstancesAfterBackupRestoration (5ms)
Platform modules already initialized, skipping
Refreshing native plugins compatible for Editor in 0.47 ms, found 3 plugins.
Preloading 0 native plugins for Editor in 0.00 ms.
Unloading 1770 Unused Serialized files (Serialized files now loaded: 0)
System memory in use before: 112.7 MB.
System memory in use after: 112.9 MB.

Unloading 17 unused Assets to reduce memory usage. Loaded Objects now: 2416.
Total: 1.944900 ms (FindLiveObjects: 0.157700 ms CreateObjectMapping: 0.040600 ms MarkObjects: 1.730000 ms  DeleteObjects: 0.015700 ms)

AssetImportParameters requested are different than current active one (requested -> active):
  custom:framework-win-MediaFoundation: 216162199b28c13a410421893ffa2e32 -> 
  custom:video-decoder-ogg-theora: a1e56fd34408186e4bbccfd4996cb3dc -> 
  custom:container-muxer-webm: aa71ff27fc2769a1b78a27578f13a17b -> 
  custom:container-demuxer-webm: 4f35f7cbe854078d1ac9338744f61a02 -> 
  custom:container-demuxer-ogg: 62fdf1f143b41e24485cea50d1cbac27 -> 
  custom:video-encoder-webm-vp8: eb34c28f22e8b96e1ab97ce403110664 -> 
  custom:video-decoder-webm-vp8: 9c59270c3fd7afecdb556c50c9e8de78 -> 
  custom:audio-decoder-ogg-vorbis: bf7c407c2cedff20999df2af8eb42d56 -> 
  custom:audio-encoder-webm-vorbis: bf7c407c2cedff20999df2af8eb42d56 -> 
========================================================================
Received Prepare
Registering precompiled user dll's ...
Registered in 0.002242 seconds.
Begin MonoManager ReloadAssembly
Native extension for WindowsStandalone target not found
Native extension for WebGL target not found
Refreshing native plugins compatible for Editor in 0.45 ms, found 3 plugins.
Preloading 0 native plugins for Editor in 0.00 ms.
Mono: successfully reloaded assembly
- Completed reload, in  0.868 seconds
Domain Reload Profiling:
	ReloadAssembly (868ms)
		BeginReloadAssembly (93ms)
			ExecutionOrderSort (0ms)
			DisableScriptedObjects (4ms)
			BackupInstance (0ms)
			ReleaseScriptingObjects (0ms)
			CreateAndSetChildDomain (27ms)
		EndReloadAssembly (717ms)
			LoadAssemblies (68ms)
			RebuildTransferFunctionScriptingTraits (0ms)
			SetupTypeCache (220ms)
			ReleaseScriptCaches (1ms)
			RebuildScriptCaches (38ms)
			SetupLoadedEditorAssemblies (310ms)
				LogAssemblyErrors (0ms)
				InitializePlatformSupportModulesInManaged (5ms)
				SetLoadedEditorAssemblies (0ms)
				RefreshPlugins (0ms)
				BeforeProcessingInitializeOnLoad (70ms)
				ProcessInitializeOnLoadAttributes (227ms)
				ProcessInitializeOnLoadMethodAttributes (3ms)
				AfterProcessingInitializeOnLoad (5ms)
				EditorAssembliesLoaded (0ms)
			ExecutionOrderSort2 (0ms)
			AwakeInstancesAfterBackupRestoration (5ms)
Platform modules already initialized, skipping
Refreshing native plugins compatible for Editor in 0.44 ms, found 3 plugins.
Preloading 0 native plugins for Editor in 0.00 ms.
Unloading 1770 Unused Serialized files (Serialized files now loaded: 0)
System memory in use before: 112.7 MB.
System memory in use after: 112.9 MB.

Unloading 17 unused Assets to reduce memory usage. Loaded Objects now: 2419.
Total: 2.172600 ms (FindLiveObjects: 0.166400 ms CreateObjectMapping: 0.042600 ms MarkObjects: 1.949200 ms  DeleteObjects: 0.013400 ms)

AssetImportParameters requested are different than current active one (requested -> active):
  custom:framework-win-MediaFoundation: 216162199b28c13a410421893ffa2e32 -> 
  custom:video-decoder-ogg-theora: a1e56fd34408186e4bbccfd4996cb3dc -> 
  custom:container-muxer-webm: aa71ff27fc2769a1b78a27578f13a17b -> 
  custom:container-demuxer-webm: 4f35f7cbe854078d1ac9338744f61a02 -> 
  custom:container-demuxer-ogg: 62fdf1f143b41e24485cea50d1cbac27 -> 
  custom:video-encoder-webm-vp8: eb34c28f22e8b96e1ab97ce403110664 -> 
  custom:video-decoder-webm-vp8: 9c59270c3fd7afecdb556c50c9e8de78 -> 
  custom:audio-decoder-ogg-vorbis: bf7c407c2cedff20999df2af8eb42d56 -> 
  custom:audio-encoder-webm-vorbis: bf7c407c2cedff20999df2af8eb42d56 -> 
AssetImportWorkerClient::OnTransportError - code=2 error=End of file
